\BOOKMARK [1][-]{section.1}{\376\377\000i\000n\000t\000r\000o\000d\000u\000c\000t\000i\000o\000n}{}% 1
\BOOKMARK [2][-]{subsection.1.1}{\376\377\000d\000e\000p\000t\000h\000\040\000o\000f\000\040\000n\000e\000t\000w\000o\000r\000k\000\040\000w\000h\000y\000\040\000i\000t\000'\000s\000\040\000s\000o\000\040\000i\000m\000p\000o\000r\000t\000a\000n\000t\000?}{section.1}% 2
\BOOKMARK [2][-]{subsection.1.2}{\376\377\000w\000h\000y\000\040\000n\000o\000t\000\040\000a\000b\000l\000e\000\040\000t\000o\000\040\000i\000n\000c\000r\000e\000a\000s\000e\000\040\000e\000a\000s\000i\000l\000y\000\040\000t\000h\000e\000\040\000n\000u\000m\000b\000e\000r\000\040\000o\000f\000\040\000n\000e\000t\000w\000o\000r\000k\000\040\000l\000a\000y\000e\000r\000?}{section.1}% 3
\BOOKMARK [2][-]{subsection.1.3}{\376\377\000e\000x\000a\000m\000p\000l\000e}{section.1}% 4
\BOOKMARK [2][-]{subsection.1.4}{\376\377\000e\000x\000p\000e\000r\000i\000m\000e\000n\000t\000\040\000a\000n\000d\000\040\000c\000o\000n\000c\000l\000u\000s\000i\000o\000n}{section.1}% 5
\BOOKMARK [1][-]{section.2}{\376\377\000h\000o\000w\000\040\000t\000o\000\040\000s\000o\000l\000v\000e\000\040\000d\000e\000g\000r\000a\000d\000a\000t\000i\000o\000n\000\040\000p\000r\000o\000b\000l\000e\000m}{}% 6
\BOOKMARK [2][-]{subsection.2.1}{\376\377\000a\000n\000a\000l\000y\000s\000i\000s}{section.2}% 7
\BOOKMARK [2][-]{subsection.2.2}{\376\377\000t\000h\000e\000o\000r\000y}{section.2}% 8
\BOOKMARK [1][-]{section.3}{\376\377\000n\000e\000t\000w\000o\000r\000k\000\040\000a\000r\000c\000h\000i\000t\000e\000c\000t\000u\000r\000e\000\040\000a\000n\000d\000\040\000f\000o\000r\000m\000u\000l\000a\000\040\000d\000e\000r\000i\000v\000a\000t\000i\000o\000n}{}% 9
\BOOKMARK [2][-]{subsection.3.1}{\376\377\000n\000e\000t\000w\000o\000r\000k\000\040\000a\000r\000c\000h\000i\000t\000e\000c\000t\000u\000r\000e}{section.3}% 10
\BOOKMARK [2][-]{subsection.3.2}{\376\377\000m\000a\000t\000h\000\040\000e\000x\000p\000r\000e\000s\000s\000\040\000e\000q\000u\000a\000t\000i\000o\000n}{section.3}% 11
\BOOKMARK [2][-]{subsection.3.3}{\376\377\000s\000i\000m\000p\000l\000i\000f\000y\000\040\000f\000o\000r\000m}{section.3}% 12
\BOOKMARK [1][-]{section.4}{\376\377\000w\000h\000y\000\040\000i\000d\000e\000n\000t\000i\000t\000y\000\040\000m\000a\000p\000p\000i\000n\000g}{}% 13
\BOOKMARK [2][-]{subsection.4.1}{\376\377\000a\000s\000s\000u\000m\000e\000\040\000i\000d\000e\000n\000t\000i\000t\000y\000\040\000m\000a\000p\000p\000i\000n\000g}{section.4}% 14
\BOOKMARK [2][-]{subsection.4.2}{\376\377\000a\000s\000s\000u\000m\000e\000\040\000n\000o\000t\000\040\000i\000d\000e\000n\000t\000i\000t\000y\000\040\000m\000a\000p\000p\000i\000n\000g}{section.4}% 15
\BOOKMARK [1][-]{section.5}{\376\377\000w\000h\000a\000t\000\040\000r\000e\000s\000i\000d\000u\000a\000l\000\040\000i\000n\000f\000e\000r}{}% 16
\BOOKMARK [1][-]{section.6}{\376\377\000R\000e\000s\000N\000e\000t\000\040\000a\000r\000c\000h\000i\000t\000e\000c\000t\000u\000r\000e}{}% 17
\BOOKMARK [2][-]{subsection.6.1}{\376\377\000s\000h\000o\000r\000t\000c\000u\000t\000\040\000c\000o\000n\000n\000e\000c\000t\000i\000o\000n}{section.6}% 18
\BOOKMARK [2][-]{subsection.6.2}{\376\377\000t\000h\000e\000\040\000t\000w\000o\000\040\000w\000a\000y}{section.6}% 19
\BOOKMARK [2][-]{subsection.6.3}{\376\377\000r\000u\000l\000e\000\040\000w\000i\000t\000h\000\040\000d\000e\000s\000i\000g\000n\000\040\000n\000e\000t\000w\000o\000r\000k}{section.6}% 20
\BOOKMARK [1][-]{section.7}{\376\377\000d\000e\000t\000a\000i\000l\000\040\000p\000r\000o\000b\000l\000e\000m}{}% 21
\BOOKMARK [2][-]{subsection.7.1}{\376\377\000c\000h\000a\000n\000n\000e\000l\000\040\000q\000u\000e\000s\000t\000i\000o\000n\0001}{section.7}% 22
\BOOKMARK [2][-]{subsection.7.2}{\376\377\000c\000a\000l\000c\000u\000l\000a\000t\000e\000\040\000d\000e\000t\000a\000i\000l}{section.7}% 23
\BOOKMARK [2][-]{subsection.7.3}{\376\377\177\121\176\334\116\055\166\204\177\121\176\334\000\040\123\312\000\040\0001\000\040\0001\000\040\000c\000o\000n\000v\000o\000l\000u\000t\000i\000o\000n}{section.7}% 24
\BOOKMARK [1][-]{section.8}{\376\377\000R\000e\000s\000N\000e\000t\0005\0000\000\040\000a\000n\000d\000\040\000R\000e\000s\000N\000e\000t\0001\0000\0001}{}% 25
\BOOKMARK [1][-]{section.9}{\376\377\000r\000e\000l\000a\000t\000e\000d\000\040\000w\000o\000r\000k}{}% 26
\BOOKMARK [2][-]{subsection.9.1}{\376\377\153\213\135\356\210\150\171\072}{section.9}% 27
\BOOKMARK [2][-]{subsection.9.2}{\376\377\000s\000h\000o\000r\000t\000c\000u\000t\000\040\000c\000o\000n\000n\000e\000c\000t\000i\000o\000n}{section.9}% 28
\BOOKMARK [1][-]{section.10}{\376\377\000n\000e\000w\000\040\000r\000e\000s\000i\000d\000u\000a\000l\000\040\000n\000e\000t\000w\000o\000r\000k}{}% 29
\BOOKMARK [1][-]{section.11}{\376\377\000o\000t\000h\000e\000r\000\040\000k\000n\000o\000w\000l\000e\000a\000d\000g\000e}{}% 30
